==1359047== Helgrind, a thread error detector
==1359047== Copyright (C) 2007-2017, and GNU GPL'd, by OpenWorks LLP et al.
==1359047== Using Valgrind-3.18.1-42b08ed5bd-20211015 and LibVEX; rerun with -h for copyright info
==1359047== Command: ./edge_detector ./photos/falls_1.ppm ./photos/falls_2.ppm
==1359047== Parent PID: 1352753
==1359047== 
--1359047-- 
--1359047-- Valgrind options:
--1359047--    --tool=helgrind
--1359047--    -v
--1359047--    --log-file=helgrind.log
--1359047-- Contents of /proc/version:
--1359047--   Linux version 5.19.0-41-generic (buildd@lcy02-amd64-045) (x86_64-linux-gnu-gcc (Ubuntu 11.3.0-1ubuntu1~22.04.1) 11.3.0, GNU ld (GNU Binutils for Ubuntu) 2.38) #42~22.04.1-Ubuntu SMP PREEMPT_DYNAMIC Tue Apr 18 17:40:00 UTC 2
--1359047-- 
--1359047-- Arch and hwcaps: AMD64, LittleEndian, amd64-cx16-lzcnt-rdtscp-sse3-ssse3-avx-avx2-bmi-f16c-rdrand-rdseed
--1359047-- Page sizes: currently 4096, max supported 4096
--1359047-- Valgrind library directory: /usr/libexec/valgrind
==1359047== helgrind --delta-stacktrace=yes only works with --vex-guest-chase=no
==1359047== => (re-setting it to 'no')
--1359047-- Reading syms from /home/sitzmaa/CS347/Project_3/edge_detector/edge_detector
--1359047-- Reading syms from /usr/lib/x86_64-linux-gnu/ld-linux-x86-64.so.2
--1359047--   Considering /usr/lib/debug/.build-id/61/ef896a699bb1c2e4e231642b2e1688b2f1a61e.debug ..
--1359047--   .. build-id is valid
--1359047-- Reading syms from /usr/libexec/valgrind/helgrind-amd64-linux
--1359047--    object doesn't have a symbol table
--1359047--    object doesn't have a dynamic symbol table
--1359047-- Scheduler: using generic scheduler lock implementation.
--1359047-- Reading suppressions file: /usr/libexec/valgrind/default.supp
==1359047== embedded gdbserver: reading from /tmp/vgdb-pipe-from-vgdb-to-1359047-by-sitzmaa-on-???
==1359047== embedded gdbserver: writing to   /tmp/vgdb-pipe-to-vgdb-from-1359047-by-sitzmaa-on-???
==1359047== embedded gdbserver: shared mem   /tmp/vgdb-pipe-shared-mem-vgdb-1359047-by-sitzmaa-on-???
==1359047== 
==1359047== TO CONTROL THIS PROCESS USING vgdb (which you probably
==1359047== don't want to do, unless you know exactly what you're doing,
==1359047== or are doing some strange experiment):
==1359047==   /usr/bin/vgdb --pid=1359047 ...command...
==1359047== 
==1359047== TO DEBUG THIS PROCESS USING GDB: start GDB like this
==1359047==   /path/to/gdb ./edge_detector
==1359047== and then give GDB the following command
==1359047==   target remote | /usr/bin/vgdb --pid=1359047
==1359047== --pid is optional if only one valgrind process is running
==1359047== 
--1359047-- Reading syms from /usr/libexec/valgrind/vgpreload_core-amd64-linux.so
--1359047--    object doesn't have a symbol table
--1359047-- Reading syms from /usr/libexec/valgrind/vgpreload_helgrind-amd64-linux.so
--1359047--    object doesn't have a symbol table
--1359047-- REDIR: 0x4027240 (ld-linux-x86-64.so.2:strcmp) redirected to 0x4856720 (strcmp)
--1359047-- REDIR: 0x402aa60 (ld-linux-x86-64.so.2:strlen) redirected to 0x4855c20 (strlen)
--1359047-- REDIR: 0x402afc0 (ld-linux-x86-64.so.2:mempcpy) redirected to 0x48598f0 (mempcpy)
--1359047-- Reading syms from /usr/lib/x86_64-linux-gnu/libc.so.6
--1359047--   Considering /usr/lib/debug/.build-id/69/389d485a9793dbe873f0ea2c93e02efaa9aa3d.debug ..
--1359047--   .. build-id is valid
==1359047== WARNING: new redirection conflicts with existing -- ignoring it
--1359047--     old: 0x0491fe70 (pthread_spin_init@@G) W-> (0000.0) 0x048551d0 pthread_spin_unlock
--1359047--     new: 0x0491fe70 (pthread_spin_init@@G) W-> (0000.0) 0x048551c0 pthread_spin_init
==1359047== WARNING: new redirection conflicts with existing -- ignoring it
--1359047--     old: 0x0491fe70 (pthread_spin_init@@G) W-> (0000.0) 0x048551d0 pthread_spin_unlock
--1359047--     new: 0x0491fe70 (pthread_spin_init@@G) W-> (0000.0) 0x048551c0 pthread_spin_init
==1359047== WARNING: new redirection conflicts with existing -- ignoring it
--1359047--     old: 0x049204f0 (sem_post@@GLIBC_2.34) W-> (0000.0) 0x048552d0 sem_post@*
--1359047--     new: 0x049204f0 (sem_post@@GLIBC_2.34) W-> (0000.0) 0x048552c0 sem_post
==1359047== WARNING: new redirection conflicts with existing -- ignoring it
--1359047--     old: 0x049204f0 (sem_post@@GLIBC_2.34) W-> (0000.0) 0x048552d0 sem_post@*
--1359047--     new: 0x049204f0 (sem_post@@GLIBC_2.34) W-> (0000.0) 0x048552c0 sem_post
==1359047== WARNING: new redirection conflicts with existing -- ignoring it
--1359047--     old: 0x04920d40 (sem_wait@@GLIBC_2.34) W-> (0000.0) 0x048552b0 sem_wait@*
--1359047--     new: 0x04920d40 (sem_wait@@GLIBC_2.34) W-> (0000.0) 0x048552a0 sem_wait
==1359047== WARNING: new redirection conflicts with existing -- ignoring it
--1359047--     old: 0x04920d40 (sem_wait@@GLIBC_2.34) W-> (0000.0) 0x048552b0 sem_wait@*
--1359047--     new: 0x04920d40 (sem_wait@@GLIBC_2.34) W-> (0000.0) 0x048552a0 sem_wait
==1359047== WARNING: new redirection conflicts with existing -- ignoring it
--1359047--     old: 0x04929ce0 (memalign            ) R-> (1011.0) 0x04850100 memalign
--1359047--     new: 0x04929ce0 (memalign            ) R-> (1017.0) 0x048500d0 aligned_alloc
==1359047== WARNING: new redirection conflicts with existing -- ignoring it
--1359047--     old: 0x04929ce0 (memalign            ) R-> (1011.0) 0x04850100 memalign
--1359047--     new: 0x04929ce0 (memalign            ) R-> (1017.0) 0x048500a0 aligned_alloc
==1359047== WARNING: new redirection conflicts with existing -- ignoring it
--1359047--     old: 0x04929ce0 (memalign            ) R-> (1011.0) 0x04850100 memalign
--1359047--     new: 0x04929ce0 (memalign            ) R-> (1017.0) 0x048500d0 aligned_alloc
==1359047== WARNING: new redirection conflicts with existing -- ignoring it
--1359047--     old: 0x04929ce0 (memalign            ) R-> (1011.0) 0x04850100 memalign
--1359047--     new: 0x04929ce0 (memalign            ) R-> (1017.0) 0x048500a0 aligned_alloc
--1359047-- REDIR: 0x492c7a0 (libc.so.6:strnlen) redirected to 0x483f220 (_vgnU_ifunc_wrapper)
--1359047-- REDIR: 0x492ca60 (libc.so.6:strpbrk) redirected to 0x483f220 (_vgnU_ifunc_wrapper)
--1359047-- REDIR: 0x492c360 (libc.so.6:strcmp) redirected to 0x483f220 (_vgnU_ifunc_wrapper)
--1359047-- REDIR: 0x494ad50 (libc.so.6:wcsnlen) redirected to 0x483f220 (_vgnU_ifunc_wrapper)
--1359047-- REDIR: 0x492d750 (libc.so.6:memset) redirected to 0x483f220 (_vgnU_ifunc_wrapper)
--1359047-- REDIR: 0x49495c0 (libc.so.6:wcslen) redirected to 0x483f220 (_vgnU_ifunc_wrapper)
--1359047-- REDIR: 0x492dc90 (libc.so.6:memcpy@@GLIBC_2.14) redirected to 0x483f220 (_vgnU_ifunc_wrapper)
--1359047-- REDIR: 0x49493f0 (libc.so.6:wcschr) redirected to 0x483f220 (_vgnU_ifunc_wrapper)
--1359047-- REDIR: 0x492c2e0 (libc.so.6:index) redirected to 0x483f220 (_vgnU_ifunc_wrapper)
--1359047-- REDIR: 0x492c9e0 (libc.so.6:rindex) redirected to 0x483f220 (_vgnU_ifunc_wrapper)
--1359047-- REDIR: 0x492d620 (libc.so.6:memmove) redirected to 0x483f220 (_vgnU_ifunc_wrapper)
==1359047== Preferring higher priority redirection:
--1359047--     old: 0x04a24940 (__memcpy_avx_unalign) R-> (2018.0) 0x048578a0 __memcpy_avx_unaligned_erms
--1359047--     new: 0x04a24940 (__memcpy_avx_unalign) R-> (2018.1) 0x04858bb0 memmove
--1359047-- REDIR: 0x4949470 (libc.so.6:wcscmp) redirected to 0x483f220 (_vgnU_ifunc_wrapper)
--1359047-- REDIR: 0x492da60 (libc.so.6:stpncpy) redirected to 0x483f220 (_vgnU_ifunc_wrapper)
--1359047-- REDIR: 0x4949a30 (libc.so.6:wmemchr) redirected to 0x483f220 (_vgnU_ifunc_wrapper)
--1359047-- REDIR: 0x492c8b0 (libc.so.6:strncmp) redirected to 0x483f220 (_vgnU_ifunc_wrapper)
--1359047-- REDIR: 0x492daf0 (libc.so.6:strcasecmp) redirected to 0x483f220 (_vgnU_ifunc_wrapper)
--1359047-- REDIR: 0x492c4a0 (libc.so.6:strcspn) redirected to 0x483f220 (_vgnU_ifunc_wrapper)
--1359047-- REDIR: 0x49494f0 (libc.so.6:wcscpy) redirected to 0x483f220 (_vgnU_ifunc_wrapper)
--1359047-- REDIR: 0x492c250 (libc.so.6:strcat) redirected to 0x483f220 (_vgnU_ifunc_wrapper)
--1359047-- REDIR: 0x492dbe0 (libc.so.6:strncasecmp_l) redirected to 0x483f220 (_vgnU_ifunc_wrapper)
--1359047-- REDIR: 0x492d500 (libc.so.6:bcmp) redirected to 0x483f220 (_vgnU_ifunc_wrapper)
--1359047-- REDIR: 0x49355f0 (libc.so.6:memrchr) redirected to 0x483f220 (_vgnU_ifunc_wrapper)
--1359047-- REDIR: 0x492f090 (libc.so.6:strchrnul) redirected to 0x483f220 (_vgnU_ifunc_wrapper)
--1359047-- REDIR: 0x492c410 (libc.so.6:strcpy) redirected to 0x483f220 (_vgnU_ifunc_wrapper)
--1359047-- REDIR: 0x492db90 (libc.so.6:strcasecmp_l) redirected to 0x483f220 (_vgnU_ifunc_wrapper)
--1359047-- REDIR: 0x492c720 (libc.so.6:strlen) redirected to 0x483f220 (_vgnU_ifunc_wrapper)
--1359047-- REDIR: 0x492c950 (libc.so.6:strncpy) redirected to 0x483f220 (_vgnU_ifunc_wrapper)
--1359047-- REDIR: 0x492d9d0 (libc.so.6:stpcpy) redirected to 0x483f220 (_vgnU_ifunc_wrapper)
--1359047-- REDIR: 0x492d470 (libc.so.6:memchr) redirected to 0x483f220 (_vgnU_ifunc_wrapper)
--1359047-- REDIR: 0x492cb80 (libc.so.6:strspn) redirected to 0x483f220 (_vgnU_ifunc_wrapper)
--1359047-- REDIR: 0x492d850 (libc.so.6:mempcpy) redirected to 0x483f220 (_vgnU_ifunc_wrapper)
--1359047-- REDIR: 0x492db40 (libc.so.6:strncasecmp) redirected to 0x483f220 (_vgnU_ifunc_wrapper)
--1359047-- REDIR: 0x492f000 (libc.so.6:rawmemchr) redirected to 0x483f220 (_vgnU_ifunc_wrapper)
--1359047-- REDIR: 0x4a21790 (libc.so.6:__strrchr_avx2) redirected to 0x48557c0 (rindex)
--1359047-- REDIR: 0x4a21580 (libc.so.6:__strchrnul_avx2) redirected to 0x4859660 (strchrnul)
--1359047-- REDIR: 0x4a22e30 (libc.so.6:__strcpy_avx2) redirected to 0x4855c50 (strcpy)
--1359047-- REDIR: 0x4918cc0 (libc.so.6:pthread_create@@GLIBC_2.34) redirected to 0x4854890 (pthread_create@*)
--1359047-- REDIR: 0x492a5a0 (libc.so.6:calloc) redirected to 0x484fa50 (calloc)
--1359047-- REDIR: 0x491bf70 (libc.so.6:pthread_mutex_lock@@GLIBC_2.2.5) redirected to 0x4854cb0 (pthread_mutex_lock)
--1359047-- REDIR: 0x491daf0 (libc.so.6:pthread_mutex_unlock@@GLIBC_2.2.5) redirected to 0x4854ce0 (pthread_mutex_unlock)
--1359047-- REDIR: 0x4929120 (libc.so.6:malloc) redirected to 0x484a8a0 (malloc)
--1359047-- REDIR: 0x491a530 (libc.so.6:pthread_join@@GLIBC_2.34) redirected to 0x48548a0 (pthread_join)
--1359047-- REDIR: 0x492d040 (libc.so.6:__GI_strstr) redirected to 0x4859a60 (__strstr_sse2)
--1359047-- REDIR: 0x4a1cac0 (libc.so.6:__strcmp_avx2) redirected to 0x4856620 (strcmp)
--1359047-- REDIR: 0x4929460 (libc.so.6:free) redirected to 0x484d290 (free)
--1359047-- REDIR: 0x4a24900 (libc.so.6:__mempcpy_avx_unaligned_erms) redirected to 0x4859770 (mempcpy)
--1359047-- REDIR: 0x4a24940 (libc.so.6:__memcpy_avx_unaligned_erms) redirected to 0x4858bb0 (memmove)
--1359047-- REDIR: 0x4a25100 (libc.so.6:__memset_avx2_unaligned_erms) redirected to 0x4858aa0 (memset)
--1359047-- REDIR: 0x4a21960 (libc.so.6:__strlen_avx2) redirected to 0x4855b00 (strlen)
==1359047== 
==1359047== ERROR SUMMARY: 0 errors from 0 contexts (suppressed: 418 from 86)
--1359047-- 
--1359047-- used_suppression:    418 helgrind-glibc2X-005 /usr/libexec/valgrind/default.supp:947
==1359047== 
==1359047== ERROR SUMMARY: 0 errors from 0 contexts (suppressed: 418 from 86)
